Build started 12/29/2015 2:24:28 PM.
     1>Project "C:\Users\Lucas Vieira\documents\visual studio 2015\Projects\DataStructures\DataStructures\DataStructures.vcxproj" on node 2 (Rebuild target(s)).
     1>ClCompile:
         C:\Program Files (x86)\Microsoft Visual Studio 14.0\VC\bin\CL.exe /c /ZI /nologo /W3 /WX- /sdl /Od /Oy- /D WIN32 /D _DEBUG /D _CONSOLE /D _UNICODE /D UNICODE /Gm /EHsc /RTC1 /MDd /GS /fp:precise /Zc:wchar_t /Zc:forScope /Zc:inline /Fo"Debug\\" /Fd"Debug\vc140.pdb" /Gd /TC /analyze- /errorReport:prompt Array\ArrayQueue.c Array\ArrayStack.c BinaryTrees\AVLTree.c BinaryTrees\BinarySearchTree.c Lists\CircleList.c Lists\DoublyLinkedList.c Heap\Heap.c Lists\LinkedList.c Programa.c Queue\Queue.c Vector\SortingAlgorithms.c Stack\Stack.c Vector\Vector.c
         Vector.c
     1>c:\users\lucas vieira\documents\visual studio 2015\projects\datastructures\datastructures\vector\vector.c(76): warning C4244: 'função': conversão de 'time_t' para 'unsigned int', possível perda de dados
         Stack.c
         SortingAlgorithms.c
         Queue.c
     1>c:\users\lucas vieira\documents\visual studio 2015\projects\datastructures\datastructures\queue\queue.c(83): warning C4477: 'printf' : format string '%ld' requires an argument of type 'long', but variadic argument 1 has type 'long *'
         Programa.c
         LinkedList.c
     1>c:\users\lucas vieira\documents\visual studio 2015\projects\datastructures\datastructures\lists\linkedlist.c(173): warning C4101: 'teste': variável local não referenciada
         Heap.c
     1>c:\users\lucas vieira\documents\visual studio 2015\projects\datastructures\datastructures\heap\heap.c(52): warning C4552: '>=': operador não tem efeito; esperado operador com efeito colateral
         DoublyLinkedList.c
         CircleList.c
     1>c:\users\lucas vieira\documents\visual studio 2015\projects\datastructures\datastructures\lists\circlelist.c(117): warning C4101: 'teste': variável local não referenciada
         BinarySearchTree.c
         AVLTree.c
         ArrayStack.c
         ArrayQueue.c
         Gerando Código...
       Link:
         C:\Program Files (x86)\Microsoft Visual Studio 14.0\VC\bin\link.exe /ERRORREPORT:PROMPT /OUT:"C:\Users\Lucas Vieira\documents\visual studio 2015\Projects\DataStructures\Debug\DataStructures.exe" /INCREMENTAL /NOLOGO kernel32.lib user32.lib gdi32.lib winspool.lib comdlg32.lib advapi32.lib shell32.lib ole32.lib oleaut32.lib uuid.lib odbc32.lib odbccp32.lib /MANIFEST /MANIFESTUAC:"level='asInvoker' uiAccess='false'" /manifest:embed /Debug /PDB:"C:\Users\Lucas Vieira\documents\visual studio 2015\Projects\DataStructures\Debug\DataStructures.pdb" /SUBSYSTEM:CONSOLE /TLBID:1 /DYNAMICBASE /NXCOMPAT /IMPLIB:"C:\Users\Lucas Vieira\documents\visual studio 2015\Projects\DataStructures\Debug\DataStructures.lib" /MACHINE:X86 Debug\ArrayQueue.obj
         Debug\ArrayStack.obj
         Debug\AVLTree.obj
         Debug\BinarySearchTree.obj
         Debug\CircleList.obj
         Debug\DoublyLinkedList.obj
         Debug\Heap.obj
         Debug\LinkedList.obj
         Debug\Programa.obj
         Debug\Queue.obj
         Debug\SortingAlgorithms.obj
         Debug\Stack.obj
         Debug\Vector.obj
         DataStructures.vcxproj -> C:\Users\Lucas Vieira\documents\visual studio 2015\Projects\DataStructures\Debug\DataStructures.exe
     1>Done Building Project "C:\Users\Lucas Vieira\documents\visual studio 2015\Projects\DataStructures\DataStructures\DataStructures.vcxproj" (Rebuild target(s)).

Build succeeded.

Time Elapsed 00:00:09.60
