c:\users\lucas vieira\documents\visual studio 2015\projects\datastructures\datastructures\debug\vc140.pdb
c:\users\lucas vieira\documents\visual studio 2015\projects\datastructures\datastructures\debug\vc140.idb
c:\users\lucas vieira\documents\visual studio 2015\projects\datastructures\datastructures\debug\arrayqueue.nativecodeanalysis.xml
c:\users\lucas vieira\documents\visual studio 2015\projects\datastructures\datastructures\debug\arraystack.nativecodeanalysis.xml
c:\users\lucas vieira\documents\visual studio 2015\projects\datastructures\datastructures\debug\avltree.nativecodeanalysis.xml
c:\users\lucas vieira\documents\visual studio 2015\projects\datastructures\datastructures\debug\binarysearchtree.nativecodeanalysis.xml
c:\users\lucas vieira\documents\visual studio 2015\projects\datastructures\datastructures\debug\circlelist.nativecodeanalysis.xml
c:\users\lucas vieira\documents\visual studio 2015\projects\datastructures\datastructures\debug\doublylinkedlist.nativecodeanalysis.xml
c:\users\lucas vieira\documents\visual studio 2015\projects\datastructures\datastructures\debug\heap.nativecodeanalysis.xml
c:\users\lucas vieira\documents\visual studio 2015\projects\datastructures\datastructures\debug\linkedlist.nativecodeanalysis.xml
c:\users\lucas vieira\documents\visual studio 2015\projects\datastructures\datastructures\debug\programa.nativecodeanalysis.xml
c:\users\lucas vieira\documents\visual studio 2015\projects\datastructures\datastructures\debug\queue.nativecodeanalysis.xml
c:\users\lucas vieira\documents\visual studio 2015\projects\datastructures\datastructures\debug\sortingalgorithms.nativecodeanalysis.xml
c:\users\lucas vieira\documents\visual studio 2015\projects\datastructures\datastructures\debug\stack.nativecodeanalysis.xml
c:\users\lucas vieira\documents\visual studio 2015\projects\datastructures\datastructures\debug\vector.nativecodeanalysis.xml
c:\users\lucas vieira\documents\visual studio 2015\projects\datastructures\datastructures\debug\vector.obj
c:\users\lucas vieira\documents\visual studio 2015\projects\datastructures\datastructures\debug\sortingalgorithms.obj
c:\users\lucas vieira\documents\visual studio 2015\projects\datastructures\datastructures\debug\queue.obj
c:\users\lucas vieira\documents\visual studio 2015\projects\datastructures\datastructures\debug\programa.obj
c:\users\lucas vieira\documents\visual studio 2015\projects\datastructures\datastructures\debug\linkedlist.obj
c:\users\lucas vieira\documents\visual studio 2015\projects\datastructures\datastructures\debug\heap.obj
c:\users\lucas vieira\documents\visual studio 2015\projects\datastructures\datastructures\debug\doublylinkedlist.obj
c:\users\lucas vieira\documents\visual studio 2015\projects\datastructures\datastructures\debug\circlelist.obj
c:\users\lucas vieira\documents\visual studio 2015\projects\datastructures\datastructures\debug\binarysearchtree.obj
c:\users\lucas vieira\documents\visual studio 2015\projects\datastructures\datastructures\debug\avltree.obj
c:\users\lucas vieira\documents\visual studio 2015\projects\datastructures\datastructures\debug\arraystack.obj
c:\users\lucas vieira\documents\visual studio 2015\projects\datastructures\datastructures\debug\arrayqueue.obj
c:\users\lucas vieira\documents\visual studio 2015\projects\datastructures\datastructures\debug\stack.obj
c:\users\lucas vieira\documents\visual studio 2015\projects\datastructures\debug\datastructures.ilk
c:\users\lucas vieira\documents\visual studio 2015\projects\datastructures\debug\datastructures.exe
c:\users\lucas vieira\documents\visual studio 2015\projects\datastructures\debug\datastructures.pdb
c:\users\lucas vieira\documents\visual studio 2015\projects\datastructures\datastructures\debug\datastructures.tlog\cl.command.1.tlog
c:\users\lucas vieira\documents\visual studio 2015\projects\datastructures\datastructures\debug\datastructures.tlog\cl.read.1.tlog
c:\users\lucas vieira\documents\visual studio 2015\projects\datastructures\datastructures\debug\datastructures.tlog\cl.write.1.tlog
c:\users\lucas vieira\documents\visual studio 2015\projects\datastructures\datastructures\debug\datastructures.tlog\link.command.1.tlog
c:\users\lucas vieira\documents\visual studio 2015\projects\datastructures\datastructures\debug\datastructures.tlog\link.read.1.tlog
c:\users\lucas vieira\documents\visual studio 2015\projects\datastructures\datastructures\debug\datastructures.tlog\link.write.1.tlog
