Build started 3/2/2016 2:06:41 AM.
     1>Project "C:\Users\Lucas Vieira\documents\visual studio 2015\Projects\DataStructures\DataStructures\DataStructures.vcxproj" on node 2 (Rebuild target(s)).
     1>ClCompile:
         C:\Program Files (x86)\Microsoft Visual Studio 14.0\VC\bin\CL.exe /c /Zi /nologo /W3 /WX- /sdl /O2 /Oi /Oy- /GL /D CODE_ANALYSIS /D WIN32 /D NDEBUG /D _CONSOLE /D _UNICODE /D UNICODE /Gm- /EHsc /MD /GS /Gy /fp:precise /Zc:wchar_t /Zc:forScope /Zc:inline /Fo"Release\\" /Fd"Release\vc140.pdb" /Gd /TC /analyze /analyze:plugin"C:\Program Files (x86)\Microsoft Visual Studio 14.0\VC\\bin\localespc.dll" /errorReport:prompt   /analyze:quiet Array\ArrayQueue.c Array\ArrayStack.c BinaryTrees\AVLTree.c BinaryTrees\BinarySearchTree.c BinaryTrees\RedBlackTree.c Lists\CircleList.c Lists\DoublyLinkedList.c Heap\Heap.c Lists\LinkedList.c Lists\SkipList.c Programa.c Queues\Deque.c Queues\Queue.c Vector\SortingAlgorithms.c Stack\Stack.c Vector\Vector.c
         ArrayQueue.c
         ArrayStack.c
         AVLTree.c
         BinarySearchTree.c
         RedBlackTree.c
         CircleList.c
         DoublyLinkedList.c
         Heap.c
     1>Heap\Heap.c(57): warning C4552: '>=': operator has no effect; expected operator with side-effect
         LinkedList.c
         SkipList.c
         Programa.c
         Deque.c
         Queue.c
     1>Queues\Queue.c(87): warning C4477: 'printf' : format string '%ld' requires an argument of type 'long', but variadic argument 1 has type 'long *'
         SortingAlgorithms.c
         Stack.c
         Vector.c
     1>Vector\Vector.c(79): warning C4244: 'function': conversion from 'time_t' to 'unsigned int', possible loss of data
         Running Code Analysis for C/C++...
       Link:
         C:\Program Files (x86)\Microsoft Visual Studio 14.0\VC\bin\link.exe /ERRORREPORT:PROMPT /OUT:"C:\Users\Lucas Vieira\documents\visual studio 2015\Projects\DataStructures\Release\DataStructures.exe" /INCREMENTAL:NO /NOLOGO kernel32.lib user32.lib gdi32.lib winspool.lib comdlg32.lib advapi32.lib shell32.lib ole32.lib oleaut32.lib uuid.lib odbc32.lib odbccp32.lib /MANIFEST /MANIFESTUAC:"level='asInvoker' uiAccess='false'" /manifest:embed /Debug /PDB:"C:\Users\Lucas Vieira\documents\visual studio 2015\Projects\DataStructures\Release\DataStructures.pdb" /SUBSYSTEM:CONSOLE /OPT:REF /OPT:ICF /LTCG:incremental /TLBID:1 /DYNAMICBASE /NXCOMPAT /IMPLIB:"C:\Users\Lucas Vieira\documents\visual studio 2015\Projects\DataStructures\Release\DataStructures.lib" /MACHINE:X86 /SAFESEH Release\ArrayQueue.obj
         Release\ArrayStack.obj
         Release\AVLTree.obj
         Release\BinarySearchTree.obj
         Release\RedBlackTree.obj
         Release\CircleList.obj
         Release\DoublyLinkedList.obj
         Release\Heap.obj
         Release\LinkedList.obj
         Release\SkipList.obj
         Release\Programa.obj
         Release\Deque.obj
         Release\Queue.obj
         Release\SortingAlgorithms.obj
         Release\Stack.obj
         Release\Vector.obj
         Generating code
         All 3 functions were compiled because no usable IPDB/IOBJ from previous compilation was found.
         Finished generating code
         DataStructures.vcxproj -> C:\Users\Lucas Vieira\documents\visual studio 2015\Projects\DataStructures\Release\DataStructures.exe
     1>c:\users\lucas vieira\documents\visual studio 2015\projects\datastructures\datastructures\array\arrayqueue.c(29): warning C6011: Dereferencing NULL pointer 'myArrayQueue'. 
     1>c:\users\lucas vieira\documents\visual studio 2015\projects\datastructures\datastructures\array\arraystack.c(28): warning C6011: Dereferencing NULL pointer 'myArrayStack'. 
     1>c:\program files (x86)\windows kits\10\include\10.0.10150.0\ucrt\string.h(130): warning C28252: Inconsistent annotation for 'strcpy': _Param_(1) has 'SAL_writableTo(elementCount(_String_length_(__formal(1,parameter1))+1))' on the prior instance. See <no file>(0). 
     1>c:\program files (x86)\windows kits\10\include\10.0.10150.0\ucrt\string.h(130): warning C28253: Inconsistent annotation for 'strcpy': _Param_(1) has 'SAL_writableTo(elementCount(_String_length_(_Source)+1))' on this instance. See <no file>(0). 
     1>c:\users\lucas vieira\documents\visual studio 2015\projects\datastructures\datastructures\binarytrees\binarysearchtree.c(58): warning C6011: Dereferencing NULL pointer 'newNode'. 
     1>c:\users\lucas vieira\documents\visual studio 2015\projects\datastructures\datastructures\binarytrees\redblacktree.c(195): warning C6011: Dereferencing NULL pointer 'newNode'. 
     1>c:\users\lucas vieira\documents\visual studio 2015\projects\datastructures\datastructures\lists\doublylinkedlist.c(94): warning C28182: Dereferencing NULL pointer. 'myDoublyList->startOfList' contains the same NULL value as 'aux' did. 
     1>c:\users\lucas vieira\documents\visual studio 2015\projects\datastructures\datastructures\lists\doublylinkedlist.c(143): warning C6031: Return value ignored: 'scanf'.
     1>c:\users\lucas vieira\documents\visual studio 2015\projects\datastructures\datastructures\lists\doublylinkedlist.c(177): warning C6031: Return value ignored: 'scanf'.
     1>c:\users\lucas vieira\documents\visual studio 2015\projects\datastructures\datastructures\lists\doublylinkedlist.c(235): warning C6001: Using uninitialized memory '*aux'.
     1>c:\users\lucas vieira\documents\visual studio 2015\projects\datastructures\datastructures\lists\linkedlist.c(86): warning C6011: Dereferencing NULL pointer 'newNode'. 
     1>c:\users\lucas vieira\documents\visual studio 2015\projects\datastructures\datastructures\lists\linkedlist.c(183): warning C6001: Using uninitialized memory '*aux'.
     1>c:\users\lucas vieira\documents\visual studio 2015\projects\datastructures\datastructures\queues\queue.c(60): warning C6011: Dereferencing NULL pointer 'newNode'. 
     1>c:\users\lucas vieira\documents\visual studio 2015\projects\datastructures\datastructures\queues\queue.c(87): warning C6273: Non-integer passed as _Param_(2) when an integer is required in call to 'printf' Actual type: 'long *':  if a pointer value is being passed, %p should be used.
     1>c:\users\lucas vieira\documents\visual studio 2015\projects\datastructures\datastructures\vector\sortingalgorithms.c(154): warning C6385: Reading invalid data from 'tmp':  the readable size is '(unsigned long)numberOfElements*sizeof(long)' bytes, but '8' bytes may be read.
     1>c:\users\lucas vieira\documents\visual studio 2015\projects\datastructures\datastructures\vector\sortingalgorithms.c(142): warning C6386: Buffer overrun while writing to 'tmp':  the writable size is '(unsigned long)numberOfElements*sizeof(long)' bytes, but '8' bytes might be written.
     1>c:\users\lucas vieira\documents\visual studio 2015\projects\datastructures\datastructures\vector\sortingalgorithms.c(392): warning C6386: Buffer overrun while writing to 'count':  the writable size is '(unsigned long)range*sizeof((*vector))' bytes, but '8' bytes might be written.
     1>c:\users\lucas vieira\documents\visual studio 2015\projects\datastructures\datastructures\vector\sortingalgorithms.c(402): warning C6011: Dereferencing NULL pointer 'count'. 
     1>c:\users\lucas vieira\documents\visual studio 2015\projects\datastructures\datastructures\stack\stack.c(61): warning C6011: Dereferencing NULL pointer 'previous'. 
     1>c:\users\lucas vieira\documents\visual studio 2015\projects\datastructures\datastructures\vector\vector.c(67): warning C6031: Return value ignored: 'fscanf'.
     1>c:\users\lucas vieira\documents\visual studio 2015\projects\datastructures\datastructures\vector\vector.c(58): warning C6011: Dereferencing NULL pointer 'vector'. 
     1>c:\users\lucas vieira\documents\visual studio 2015\projects\datastructures\datastructures\vector\vector.c(89): warning C6386: Buffer overrun while writing to 'vector':  the writable size is '(unsigned long)numberOfElements*sizeof(long)' bytes, but '8' bytes might be written.
     1>Done Building Project "C:\Users\Lucas Vieira\documents\visual studio 2015\Projects\DataStructures\DataStructures\DataStructures.vcxproj" (Rebuild target(s)).

Build succeeded.

Time Elapsed 00:00:42.67
