c:\users\lucas vieira\documents\visual studio 2015\projects\datastructures\datastructures\release\vc140.pdb
c:\users\lucas vieira\documents\visual studio 2015\projects\datastructures\datastructures\release\vector.nativecodeanalysis.xml
c:\users\lucas vieira\documents\visual studio 2015\projects\datastructures\datastructures\release\stack.nativecodeanalysis.xml
c:\users\lucas vieira\documents\visual studio 2015\projects\datastructures\datastructures\release\sortingalgorithms.nativecodeanalysis.xml
c:\users\lucas vieira\documents\visual studio 2015\projects\datastructures\datastructures\release\queue.nativecodeanalysis.xml
c:\users\lucas vieira\documents\visual studio 2015\projects\datastructures\datastructures\release\deque.nativecodeanalysis.xml
c:\users\lucas vieira\documents\visual studio 2015\projects\datastructures\datastructures\release\programa.nativecodeanalysis.xml
c:\users\lucas vieira\documents\visual studio 2015\projects\datastructures\datastructures\release\skiplist.nativecodeanalysis.xml
c:\users\lucas vieira\documents\visual studio 2015\projects\datastructures\datastructures\release\linkedlist.nativecodeanalysis.xml
c:\users\lucas vieira\documents\visual studio 2015\projects\datastructures\datastructures\release\heap.nativecodeanalysis.xml
c:\users\lucas vieira\documents\visual studio 2015\projects\datastructures\datastructures\release\doublylinkedlist.nativecodeanalysis.xml
c:\users\lucas vieira\documents\visual studio 2015\projects\datastructures\datastructures\release\circlelist.nativecodeanalysis.xml
c:\users\lucas vieira\documents\visual studio 2015\projects\datastructures\datastructures\release\redblacktree.nativecodeanalysis.xml
c:\users\lucas vieira\documents\visual studio 2015\projects\datastructures\datastructures\release\binarysearchtree.nativecodeanalysis.xml
c:\users\lucas vieira\documents\visual studio 2015\projects\datastructures\datastructures\release\avltree.nativecodeanalysis.xml
c:\users\lucas vieira\documents\visual studio 2015\projects\datastructures\datastructures\release\arraystack.nativecodeanalysis.xml
c:\users\lucas vieira\documents\visual studio 2015\projects\datastructures\datastructures\release\arrayqueue.nativecodeanalysis.xml
c:\users\lucas vieira\documents\visual studio 2015\projects\datastructures\datastructures\release\arrayqueue.obj
c:\users\lucas vieira\documents\visual studio 2015\projects\datastructures\datastructures\release\arraystack.obj
c:\users\lucas vieira\documents\visual studio 2015\projects\datastructures\datastructures\release\avltree.obj
c:\users\lucas vieira\documents\visual studio 2015\projects\datastructures\datastructures\release\binarysearchtree.obj
c:\users\lucas vieira\documents\visual studio 2015\projects\datastructures\datastructures\release\redblacktree.obj
c:\users\lucas vieira\documents\visual studio 2015\projects\datastructures\datastructures\release\circlelist.obj
c:\users\lucas vieira\documents\visual studio 2015\projects\datastructures\datastructures\release\doublylinkedlist.obj
c:\users\lucas vieira\documents\visual studio 2015\projects\datastructures\datastructures\release\heap.obj
c:\users\lucas vieira\documents\visual studio 2015\projects\datastructures\datastructures\release\linkedlist.obj
c:\users\lucas vieira\documents\visual studio 2015\projects\datastructures\datastructures\release\skiplist.obj
c:\users\lucas vieira\documents\visual studio 2015\projects\datastructures\datastructures\release\programa.obj
c:\users\lucas vieira\documents\visual studio 2015\projects\datastructures\datastructures\release\deque.obj
c:\users\lucas vieira\documents\visual studio 2015\projects\datastructures\datastructures\release\queue.obj
c:\users\lucas vieira\documents\visual studio 2015\projects\datastructures\datastructures\release\sortingalgorithms.obj
c:\users\lucas vieira\documents\visual studio 2015\projects\datastructures\datastructures\release\stack.obj
c:\users\lucas vieira\documents\visual studio 2015\projects\datastructures\datastructures\release\vector.obj
c:\users\lucas vieira\documents\visual studio 2015\projects\datastructures\release\datastructures.exe
c:\users\lucas vieira\documents\visual studio 2015\projects\datastructures\release\datastructures.ipdb
c:\users\lucas vieira\documents\visual studio 2015\projects\datastructures\release\datastructures.iobj
c:\users\lucas vieira\documents\visual studio 2015\projects\datastructures\release\datastructures.pdb
c:\users\lucas vieira\documents\visual studio 2015\projects\datastructures\datastructures\release\nativecodeanalysis.read.1.tlog
c:\users\lucas vieira\documents\visual studio 2015\projects\datastructures\datastructures\release\vc.nativecodeanalysis.all.xml
c:\users\lucas vieira\documents\visual studio 2015\projects\datastructures\release\datastructures.exe.lastcodeanalysissucceeded
c:\users\lucas vieira\documents\visual studio 2015\projects\datastructures\datastructures\release\datastructures.tlog\cl.command.1.tlog
c:\users\lucas vieira\documents\visual studio 2015\projects\datastructures\datastructures\release\datastructures.tlog\cl.read.1.tlog
c:\users\lucas vieira\documents\visual studio 2015\projects\datastructures\datastructures\release\datastructures.tlog\cl.write.1.tlog
c:\users\lucas vieira\documents\visual studio 2015\projects\datastructures\datastructures\release\datastructures.tlog\link.command.1.tlog
c:\users\lucas vieira\documents\visual studio 2015\projects\datastructures\datastructures\release\datastructures.tlog\link.read.1.tlog
c:\users\lucas vieira\documents\visual studio 2015\projects\datastructures\datastructures\release\datastructures.tlog\link.write.1.tlog
